<?xml version="1.0" encoding="UTF-8"?>
<testng-results ignored="4" total="18" passed="13" failed="1" skipped="0">
  <reporter-output>
    <line>
      <![CDATA[Without USER ID and PASSWORD Not able to login into APP, User Name is required.
Password is required.]]>
    </line>
    <line>
      <![CDATA[Without PASSWORD Not able to login into APP, Password is required.]]>
    </line>
    <line>
      <![CDATA[User Logged In Successfully In APP]]>
    </line>
    <line>
      <![CDATA[Logged In User Is testAdmin]]>
    </line>
    <line>
      <![CDATA[PCB Label Print and Verification Station Screen Opened ]]>
    </line>
    <line>
      <![CDATA[Product Is Selected As OTT LEAP S2]]>
    </line>
    <line>
      <![CDATA[Selected Order Is 999002T]]>
    </line>
    <line>
      <![CDATA[Input Quantity Printer. 1]]>
    </line>
    <line>
      <![CDATA[Current Barcode Is Generated999002000041]]>
    </line>
    <line>
      <![CDATA[Barcode Verified. ]]>
    </line>
    <line>
      <![CDATA[User Successfully Logout From the APP ]]>
    </line>
  </reporter-output>
  <suite started-at="2024-04-12T15:57:24 IST" name="Suite" finished-at="2024-04-12T15:58:58 IST" duration-ms="93679">
    <groups>
    </groups>
    <test started-at="2024-04-12T15:57:24 IST" name="Test" finished-at="2024-04-12T15:58:58 IST" duration-ms="93679">
      <class name="TNT_Testing.Login_TC1">
        <test-method is-config="true" signature="beforeTest()[pri:0, instance:TNT_Testing.Login_TC1@759d26fb]" started-at="2024-04-12T15:57:24 IST" name="beforeTest" finished-at="2024-04-12T15:57:28 IST" duration-ms="4215" status="PASS">
          <reporter-output>
          </reporter-output>
        </test-method> <!-- beforeTest -->
        <test-method signature="loginWithoutUserAndPassword()[pri:1, instance:TNT_Testing.Login_TC1@759d26fb]" started-at="2024-04-12T15:57:28 IST" name="loginWithoutUserAndPassword" finished-at="2024-04-12T15:57:28 IST" duration-ms="166" status="PASS">
          <reporter-output>
            <line>
              <![CDATA[Without USER ID and PASSWORD Not able to login into APP, User Name is required.
Password is required.]]>
            </line>
          </reporter-output>
        </test-method> <!-- loginWithoutUserAndPassword -->
        <test-method signature="loginWithoutPassword()[pri:2, instance:TNT_Testing.Login_TC1@759d26fb]" started-at="2024-04-12T15:57:28 IST" name="loginWithoutPassword" finished-at="2024-04-12T15:57:30 IST" duration-ms="1745" status="PASS">
          <reporter-output>
            <line>
              <![CDATA[Without PASSWORD Not able to login into APP, Password is required.]]>
            </line>
          </reporter-output>
        </test-method> <!-- loginWithoutPassword -->
        <test-method signature="loginTest()[pri:3, instance:TNT_Testing.Login_TC1@759d26fb]" started-at="2024-04-12T15:57:30 IST" name="loginTest" finished-at="2024-04-12T15:57:36 IST" duration-ms="5477" status="PASS">
          <reporter-output>
          </reporter-output>
        </test-method> <!-- loginTest -->
        <test-method signature="welcomeMessage()[pri:4, instance:TNT_Testing.Login_TC1@759d26fb]" started-at="2024-04-12T15:57:36 IST" name="welcomeMessage" finished-at="2024-04-12T15:57:36 IST" duration-ms="32" status="PASS">
          <reporter-output>
            <line>
              <![CDATA[User Logged In Successfully In APP]]>
            </line>
          </reporter-output>
        </test-method> <!-- welcomeMessage -->
        <test-method signature="loggedInUserDetails()[pri:5, instance:TNT_Testing.Login_TC1@759d26fb]" started-at="2024-04-12T15:57:36 IST" name="loggedInUserDetails" finished-at="2024-04-12T15:57:36 IST" duration-ms="100" status="PASS">
          <reporter-output>
            <line>
              <![CDATA[Logged In User Is testAdmin]]>
            </line>
          </reporter-output>
        </test-method> <!-- loggedInUserDetails -->
        <test-method signature="clickingShopFloor()[pri:6, instance:TNT_Testing.Login_TC1@759d26fb]" started-at="2024-04-12T15:57:36 IST" name="clickingShopFloor" finished-at="2024-04-12T15:57:36 IST" duration-ms="150" status="PASS">
          <reporter-output>
          </reporter-output>
        </test-method> <!-- clickingShopFloor -->
        <test-method signature="labelPrintObject()[pri:7, instance:TNT_Testing.Login_TC1@759d26fb]" started-at="2024-04-12T15:57:36 IST" name="labelPrintObject" finished-at="2024-04-12T15:57:41 IST" duration-ms="5295" status="PASS">
          <reporter-output>
            <line>
              <![CDATA[PCB Label Print and Verification Station Screen Opened ]]>
            </line>
          </reporter-output>
        </test-method> <!-- labelPrintObject -->
        <test-method signature="selectingProduct()[pri:9, instance:TNT_Testing.Login_TC1@759d26fb]" started-at="2024-04-12T15:57:41 IST" name="selectingProduct" finished-at="2024-04-12T15:57:46 IST" duration-ms="4446" status="PASS">
          <reporter-output>
            <line>
              <![CDATA[Product Is Selected As OTT LEAP S2]]>
            </line>
          </reporter-output>
        </test-method> <!-- selectingProduct -->
        <test-method signature="selectingOrder()[pri:10, instance:TNT_Testing.Login_TC1@759d26fb]" started-at="2024-04-12T15:57:46 IST" name="selectingOrder" finished-at="2024-04-12T15:57:52 IST" duration-ms="6363" status="PASS">
          <reporter-output>
            <line>
              <![CDATA[Selected Order Is 999002T]]>
            </line>
          </reporter-output>
        </test-method> <!-- selectingOrder -->
        <test-method signature="quantityPrinting()[pri:11, instance:TNT_Testing.Login_TC1@759d26fb]" started-at="2024-04-12T15:57:52 IST" name="quantityPrinting" finished-at="2024-04-12T15:57:55 IST" duration-ms="2585" status="PASS">
          <reporter-output>
            <line>
              <![CDATA[Input Quantity Printer. 1]]>
            </line>
          </reporter-output>
        </test-method> <!-- quantityPrinting -->
        <test-method signature="generateBarcode()[pri:12, instance:TNT_Testing.Login_TC1@759d26fb]" started-at="2024-04-12T15:57:55 IST" name="generateBarcode" finished-at="2024-04-12T15:57:56 IST" duration-ms="1060" status="PASS">
          <reporter-output>
            <line>
              <![CDATA[Current Barcode Is Generated999002000041]]>
            </line>
          </reporter-output>
        </test-method> <!-- generateBarcode -->
        <test-method signature="VerifyBarcode()[pri:13, instance:TNT_Testing.Login_TC1@759d26fb]" started-at="2024-04-12T15:57:56 IST" name="VerifyBarcode" finished-at="2024-04-12T15:58:03 IST" duration-ms="7307" status="PASS">
          <reporter-output>
            <line>
              <![CDATA[Barcode Verified. ]]>
            </line>
          </reporter-output>
        </test-method> <!-- VerifyBarcode -->
        <test-method signature="logOutFromAPP()[pri:14, instance:TNT_Testing.Login_TC1@759d26fb]" started-at="2024-04-12T15:58:03 IST" name="logOutFromAPP" finished-at="2024-04-12T15:58:04 IST" duration-ms="659" status="PASS">
          <reporter-output>
            <line>
              <![CDATA[User Successfully Logout From the APP ]]>
            </line>
          </reporter-output>
        </test-method> <!-- logOutFromAPP -->
        <test-method signature="AoiTestClick()[pri:15, instance:TNT_Testing.Login_TC1@759d26fb]" started-at="2024-04-12T15:58:04 IST" name="AoiTestClick" finished-at="2024-04-12T15:58:58 IST" duration-ms="53959" status="FAIL">
          <exception class="com.microsoft.sqlserver.jdbc.SQLServerException">
            <message>
              <![CDATA[The TCP/IP connection to the host 172.20.10.149, port 1433 has failed. Error: "Connect timed out. Verify the connection properties. Make sure that an instance of SQL Server is running on the host and accepting TCP/IP connections at the port. Make sure that TCP connections to the port are not blocked by a firewall.".]]>
            </message>
            <full-stacktrace>
              <![CDATA[com.microsoft.sqlserver.jdbc.SQLServerException: The TCP/IP connection to the host 172.20.10.149, port 1433 has failed. Error: "Connect timed out. Verify the connection properties. Make sure that an instance of SQL Server is running on the host and accepting TCP/IP connections at the port. Make sure that TCP connections to the port are not blocked by a firewall.".
at com.microsoft.sqlserver.jdbc.SQLServerException.makeFromDriverError(SQLServerException.java:237)
at com.microsoft.sqlserver.jdbc.SQLServerException.ConvertConnectExceptionToSQLServerException(SQLServerException.java:288)
at com.microsoft.sqlserver.jdbc.SocketFinder.findSocket(IOBuffer.java:2519)
at com.microsoft.sqlserver.jdbc.TDSChannel.open(IOBuffer.java:777)
at com.microsoft.sqlserver.jdbc.SQLServerConnection.connectHelper(SQLServerConnection.java:3300)
at com.microsoft.sqlserver.jdbc.SQLServerConnection.login(SQLServerConnection.java:2950)
at com.microsoft.sqlserver.jdbc.SQLServerConnection.connectInternal(SQLServerConnection.java:2790)
at com.microsoft.sqlserver.jdbc.SQLServerConnection.connect(SQLServerConnection.java:1663)
at com.microsoft.sqlserver.jdbc.SQLServerDriver.connect(SQLServerDriver.java:1064)
at java.sql/java.sql.DriverManager.getConnection(DriverManager.java:681)
at java.sql/java.sql.DriverManager.getConnection(DriverManager.java:229)
at TNT_Testing.SF_AOI_Test.sqlStatus(SF_AOI_Test.java:48)
at TNT_Testing.SF_AOI_Test.errorCode(SF_AOI_Test.java:141)
at TNT_Testing.SF_AOI_Test.scanPCBTextBox(SF_AOI_Test.java:86)
at TNT_Testing.SF_AOI_Test.selectProductionLine(SF_AOI_Test.java:99)
at TNT_Testing.SF_AOI_Test.errorCode(SF_AOI_Test.java:135)
at TNT_Testing.SF_AOI_Test.scanPCBTextBox(SF_AOI_Test.java:86)
at TNT_Testing.SF_AOI_Test.aoiTestClick(SF_AOI_Test.java:71)
at TNT_Testing.SF_AOI_Test.errorCode(SF_AOI_Test.java:130)
at TNT_Testing.SF_AOI_Test.scanPCBTextBox(SF_AOI_Test.java:86)
at TNT_Testing.SF_AOI_Test.aoiTestClick(SF_AOI_Test.java:71)
at TNT_Testing.Login_TC1.AoiTestClick(Login_TC1.java:138)
at java.base/jdk.internal.reflect.NativeMethodAccessorImpl.invoke0(Native Method)
at java.base/jdk.internal.reflect.NativeMethodAccessorImpl.invoke(NativeMethodAccessorImpl.java:77)
at java.base/jdk.internal.reflect.DelegatingMethodAccessorImpl.invoke(DelegatingMethodAccessorImpl.java:43)
at java.base/java.lang.reflect.Method.invoke(Method.java:568)
at org.testng.internal.MethodInvocationHelper.invokeMethod(MethodInvocationHelper.java:133)
at org.testng.internal.TestInvoker.invokeMethod(TestInvoker.java:598)
at org.testng.internal.TestInvoker.invokeTestMethod(TestInvoker.java:173)
at org.testng.internal.MethodRunner.runInSequence(MethodRunner.java:46)
at org.testng.internal.TestInvoker$MethodInvocationAgent.invoke(TestInvoker.java:824)
at org.testng.internal.TestInvoker.invokeTestMethods(TestInvoker.java:146)
at org.testng.internal.TestMethodWorker.invokeTestMethods(TestMethodWorker.java:146)
at org.testng.internal.TestMethodWorker.run(TestMethodWorker.java:128)
at java.base/java.util.ArrayList.forEach(ArrayList.java:1511)
at org.testng.TestRunner.privateRun(TestRunner.java:794)
at org.testng.TestRunner.run(TestRunner.java:596)
at org.testng.SuiteRunner.runTest(SuiteRunner.java:377)
at org.testng.SuiteRunner.runSequentially(SuiteRunner.java:371)
at org.testng.SuiteRunner.privateRun(SuiteRunner.java:332)
at org.testng.SuiteRunner.run(SuiteRunner.java:276)
at org.testng.SuiteRunnerWorker.runSuite(SuiteRunnerWorker.java:53)
at org.testng.SuiteRunnerWorker.run(SuiteRunnerWorker.java:96)
at org.testng.TestNG.runSuitesSequentially(TestNG.java:1212)
at org.testng.TestNG.runSuitesLocally(TestNG.java:1134)
at org.testng.TestNG.runSuites(TestNG.java:1063)
at org.testng.TestNG.run(TestNG.java:1031)
at org.testng.remote.AbstractRemoteTestNG.run(AbstractRemoteTestNG.java:115)
at org.testng.remote.RemoteTestNG.initAndRun(RemoteTestNG.java:251)
at org.testng.remote.RemoteTestNG.main(RemoteTestNG.java:77)
]]>
            </full-stacktrace>
          </exception> <!-- com.microsoft.sqlserver.jdbc.SQLServerException -->
          <reporter-output>
          </reporter-output>
        </test-method> <!-- AoiTestClick -->
      </class> <!-- TNT_Testing.Login_TC1 -->
    </test> <!-- Test -->
  </suite> <!-- Suite -->
</testng-results>
