<?xml version="1.0" encoding="UTF-8"?>
<!-- Generated by org.testng.reporters.JUnitXMLReporter -->
<testsuite ignored="4" hostname="DESKTOP-C6M5A7U" failures="1" tests="14" name="Test" time="93.679" errors="0" timestamp="2024-04-12T15:58:58 IST">
  <testcase classname="TNT_Testing.Login_TC1" name="loginWithoutUserAndPassword" time="0.166"/>
  <testcase classname="TNT_Testing.Login_TC1" name="loginWithoutPassword" time="1.745"/>
  <testcase classname="TNT_Testing.Login_TC1" name="loginTest" time="5.477"/>
  <testcase classname="TNT_Testing.Login_TC1" name="welcomeMessage" time="0.032"/>
  <testcase classname="TNT_Testing.Login_TC1" name="loggedInUserDetails" time="0.1"/>
  <testcase classname="TNT_Testing.Login_TC1" name="clickingShopFloor" time="0.15"/>
  <testcase classname="TNT_Testing.Login_TC1" name="labelPrintObject" time="5.295"/>
  <testcase classname="TNT_Testing.Login_TC1" name="selectingProduct" time="4.446"/>
  <testcase classname="TNT_Testing.Login_TC1" name="selectingOrder" time="6.363"/>
  <testcase classname="TNT_Testing.Login_TC1" name="quantityPrinting" time="2.585"/>
  <testcase classname="TNT_Testing.Login_TC1" name="generateBarcode" time="1.06"/>
  <testcase classname="TNT_Testing.Login_TC1" name="VerifyBarcode" time="7.307"/>
  <testcase classname="TNT_Testing.Login_TC1" name="logOutFromAPP" time="0.659"/>
  <testcase classname="TNT_Testing.Login_TC1" name="AoiTestClick" time="53.959">
    <failure type="com.microsoft.sqlserver.jdbc.SQLServerException" message="The TCP/IP connection to the host 172.20.10.149, port 1433 has failed. Error: &amp;quot;Connect timed out. Verify the connection properties. Make sure that an instance of SQL Server is running on the host and accepting TCP/IP connections at the port. Make sure that TCP connections to the port are not blocked by a firewall.&amp;quot;.">
      <![CDATA[com.microsoft.sqlserver.jdbc.SQLServerException: The TCP/IP connection to the host 172.20.10.149, port 1433 has failed. Error: "Connect timed out. Verify the connection properties. Make sure that an instance of SQL Server is running on the host and accepting TCP/IP connections at the port. Make sure that TCP connections to the port are not blocked by a firewall.".
at com.microsoft.sqlserver.jdbc.SQLServerException.makeFromDriverError(SQLServerException.java:237)
at com.microsoft.sqlserver.jdbc.SQLServerException.ConvertConnectExceptionToSQLServerException(SQLServerException.java:288)
at com.microsoft.sqlserver.jdbc.SocketFinder.findSocket(IOBuffer.java:2519)
at com.microsoft.sqlserver.jdbc.TDSChannel.open(IOBuffer.java:777)
at com.microsoft.sqlserver.jdbc.SQLServerConnection.connectHelper(SQLServerConnection.java:3300)
at com.microsoft.sqlserver.jdbc.SQLServerConnection.login(SQLServerConnection.java:2950)
at com.microsoft.sqlserver.jdbc.SQLServerConnection.connectInternal(SQLServerConnection.java:2790)
at com.microsoft.sqlserver.jdbc.SQLServerConnection.connect(SQLServerConnection.java:1663)
at com.microsoft.sqlserver.jdbc.SQLServerDriver.connect(SQLServerDriver.java:1064)
at java.sql/java.sql.DriverManager.getConnection(DriverManager.java:681)
at java.sql/java.sql.DriverManager.getConnection(DriverManager.java:229)
at TNT_Testing.SF_AOI_Test.sqlStatus(SF_AOI_Test.java:48)
at TNT_Testing.SF_AOI_Test.errorCode(SF_AOI_Test.java:141)
at TNT_Testing.SF_AOI_Test.scanPCBTextBox(SF_AOI_Test.java:86)
at TNT_Testing.SF_AOI_Test.selectProductionLine(SF_AOI_Test.java:99)
at TNT_Testing.SF_AOI_Test.errorCode(SF_AOI_Test.java:135)
at TNT_Testing.SF_AOI_Test.scanPCBTextBox(SF_AOI_Test.java:86)
at TNT_Testing.SF_AOI_Test.aoiTestClick(SF_AOI_Test.java:71)
at TNT_Testing.SF_AOI_Test.errorCode(SF_AOI_Test.java:130)
at TNT_Testing.SF_AOI_Test.scanPCBTextBox(SF_AOI_Test.java:86)
at TNT_Testing.SF_AOI_Test.aoiTestClick(SF_AOI_Test.java:71)
at TNT_Testing.Login_TC1.AoiTestClick(Login_TC1.java:138)
at java.base/java.util.ArrayList.forEach(ArrayList.java:1511)
... Removed 27 stack frames]]>
    </failure>
  </testcase> <!-- AoiTestClick -->
  <testcase classname="TNT_Testing.Login_TC1" name="logoutObject" time="0.0">
    <ignored/>
  </testcase> <!-- logoutObject -->
  <testcase classname="TNT_Testing.Login_TC1" name="clickONGenericTest" time="0.0">
    <ignored/>
  </testcase> <!-- clickONGenericTest -->
  <testcase classname="TNT_Testing.Login_TC1" name="sfAssemblyObject" time="0.0">
    <ignored/>
  </testcase> <!-- sfAssemblyObject -->
  <testcase classname="TNT_Testing.Login_TC1" name="aoiObject" time="0.0">
    <ignored/>
  </testcase> <!-- aoiObject -->
</testsuite> <!-- Test -->
